Build started 3/21/2013 11:31:26 PM.
     1>Project "T:\Files\DD264 (Advanced C)\Lab02 (8)\Lab02 (8)\Lab02 (8).vcxproj" on node 2 (build target(s)).
     1>InitializeBuildStatus:
         Creating "Debug\Lab02 (8).unsuccessfulbuild" because "AlwaysCreate" was specified.
       ClCompile:
         c:\Program Files (x86)\Microsoft Visual Studio 10.0\VC\bin\CL.exe /c /ZI /nologo /W3 /WX- /Od /Oy- /D WIN32 /D _DEBUG /D _CONSOLE /D _UNICODE /D UNICODE /Gm /EHsc /RTC1 /MDd /GS /fp:precise /Zc:wchar_t /Zc:forScope /Fo"Debug\\" /Fd"Debug\vc100.pdb" /Gd /TP /analyze- /errorReport:prompt Mbateng_Lab02_Problem01.cpp Mbateng_Lab02_Problem02.cpp Mbateng_Lab02_Problem03.cpp
         Mbateng_Lab02_Problem03.cpp
         Mbateng_Lab02_Problem02.cpp
     1>t:\files\dd264 (advanced c)\lab02 (8)\lab02 (8)\mbateng_lab02_problem02.cpp(23): warning C4101: 'Result' : unreferenced local variable
     1>t:\files\dd264 (advanced c)\lab02 (8)\lab02 (8)\mbateng_lab02_problem02.cpp(22): warning C4101: 'B' : unreferenced local variable
         Mbateng_Lab02_Problem01.cpp
         Generating Code...
       ManifestResourceCompile:
         C:\Program Files (x86)\Microsoft SDKs\Windows\v7.0A\bin\rc.exe /nologo /fo"Debug\Lab02 (8).exe.embed.manifest.res" "Debug\Lab02 (8)_manifest.rc" 
       Link:
         c:\Program Files (x86)\Microsoft Visual Studio 10.0\VC\bin\link.exe /ERRORREPORT:PROMPT /OUT:"T:\Files\DD264 (Advanced C)\Lab02 (8)\Debug\Lab02 (8).exe" /INCREMENTAL /NOLOGO kernel32.lib user32.lib gdi32.lib winspool.lib comdlg32.lib advapi32.lib shell32.lib ole32.lib oleaut32.lib uuid.lib odbc32.lib odbccp32.lib /MANIFEST /ManifestFile:"Debug\Lab02 (8).exe.intermediate.manifest" /MANIFESTUAC:"level='asInvoker' uiAccess='false'" /DEBUG /PDB:"T:\Files\DD264 (Advanced C)\Lab02 (8)\Debug\Lab02 (8).pdb" /SUBSYSTEM:CONSOLE /TLBID:1 /DYNAMICBASE /NXCOMPAT /IMPLIB:"T:\Files\DD264 (Advanced C)\Lab02 (8)\Debug\Lab02 (8).lib" /MACHINE:X86 "Debug\Lab02 (8).exe.embed.manifest.res"
         Debug\Mbateng_Lab02_Problem01.obj
         Debug\Mbateng_Lab02_Problem02.obj
         Debug\Mbateng_Lab02_Problem03.obj
     1>Mbateng_Lab02_Problem02.obj : error LNK2005: _main already defined in Mbateng_Lab02_Problem01.obj
     1>Mbateng_Lab02_Problem03.obj : error LNK2005: _main already defined in Mbateng_Lab02_Problem01.obj
     1>T:\Files\DD264 (Advanced C)\Lab02 (8)\Debug\Lab02 (8).exe : fatal error LNK1169: one or more multiply defined symbols found
     1>Done Building Project "T:\Files\DD264 (Advanced C)\Lab02 (8)\Lab02 (8)\Lab02 (8).vcxproj" (build target(s)) -- FAILED.

Build FAILED.

Time Elapsed 00:00:19.14
